2023-06-12T13:35:44.978Z  error: Failed to connect The `uri` parameter to `openUri()` must be a string, got "undefined". Make sure the first parameter to `mongoose.connect()` or `mongoose.createConnection()` is a string.
2023-06-12T13:36:57.043Z  error: Failed to connect The `uri` parameter to `openUri()` must be a string, got "undefined". Make sure the first parameter to `mongoose.connect()` or `mongoose.createConnection()` is a string.
Mon Jun 12 2023 19:38:37  error: Failed to connect The `uri` parameter to `openUri()` must be a string, got "undefined". Make sure the first parameter to `mongoose.connect()` or `mongoose.createConnection()` is a string.
{
  level: 'error',
  message: 'Failed to connect The `uri` parameter to `openUri()` must be a string, got "undefined". Make sure the first parameter to `mongoose.connect()` or `mongoose.createConnection()` is a string.',
  stack: 'MongooseError: The `uri` parameter to `openUri()` must be a string, got "undefined". Make sure the first parameter to `mongoose.connect()` or `mongoose.createConnection()` is a string.\n' +
    '    at _createMongoClient (C:\\Users\\User\\Desktop\\Next Level Web Dev\\university-management-auth-service\\node_modules\\mongoose\\lib\\connection.js:805:11)\n' +
    '    at NativeConnection.openUri (C:\\Users\\User\\Desktop\\Next Level Web Dev\\university-management-auth-service\\node_modules\\mongoose\\lib\\connection.js:742:29)\n' +
    '    at Mongoose.connect (C:\\Users\\User\\Desktop\\Next Level Web Dev\\university-management-auth-service\\node_modules\\mongoose\\lib\\index.js:406:15)\n' +
    '    at C:\\Users\\User\\Desktop\\Next Level Web Dev\\university-management-auth-service\\src\\server.ts:8:20\n' +
    '    at Generator.next (<anonymous>)\n' +
    '    at C:\\Users\\User\\Desktop\\Next Level Web Dev\\university-management-auth-service\\src\\server.ts:8:71\n' +
    '    at new Promise (<anonymous>)\n' +
    '    at __awaiter (C:\\Users\\User\\Desktop\\Next Level Web Dev\\university-management-auth-service\\src\\server.ts:4:12)\n' +
    '    at bootstrap (C:\\Users\\User\\Desktop\\Next Level Web Dev\\university-management-auth-service\\src\\server.ts:20:12)\n' +
    '    at Object.<anonymous> (C:\\Users\\User\\Desktop\\Next Level Web Dev\\university-management-auth-service\\src\\server.ts:18:1)',
  timestamp: '2023-06-12T13:42:24.843Z'
}
Mon Jun 12 2023 19:42:36  error: Failed to connect The `uri` parameter to `openUri()` must be a string, got "undefined". Make sure the first parameter to `mongoose.connect()` or `mongoose.createConnection()` is a string.
Mon Jun 12 2023 19:42:41  error: Failed to connect The `uri` parameter to `openUri()` must be a string, got "undefined". Make sure the first parameter to `mongoose.connect()` or `mongoose.createConnection()` is a string.
