{"level":"info","message":"💻 Database connection successfully"}
{"level":"info","message":"App is listening on port 5000"}
2023-06-12T13:31:07.698Z [right meow!] info: 💻 Database connection successfully
2023-06-12T13:31:07.712Z [right meow!] info: App is listening on port 5000
2023-06-12T13:32:32.147Z [undefined] info: 💻 Database connection successfully
2023-06-12T13:32:32.151Z [undefined] info: App is listening on port 5000
2023-06-12T13:32:55.467Z  info: 💻 Database connection successfully
2023-06-12T13:32:55.473Z  info: App is listening on port 5000
2023-06-12T13:33:07.857Z  info: 💻 Database connection successfully
2023-06-12T13:33:07.863Z  info: App is listening on port 5000
Mon Jun 12 2023 19:39:28  info: 💻 Database connection successfully
Mon Jun 12 2023 19:39:28  info: App is listening on port 5000
{
  message: '💻 Database connection successfully',
  level: 'info',
  timestamp: '2023-06-12T13:41:07.636Z'
}
{
  message: 'App is listening on port 5000',
  level: 'info',
  timestamp: '2023-06-12T13:41:07.649Z'
}
Mon Jun 12 2023 19:42:14  info: 💻 Database connection successfully
Mon Jun 12 2023 19:42:14  info: App is listening on port 5000
Mon Jun 12 2023 19:42:21  info: 💻 Database connection successfully
Mon Jun 12 2023 19:42:21  info: App is listening on port 5000
Mon Jun 12 2023 19:42:55  info: 💻 Database connection successfully
Mon Jun 12 2023 19:42:55  info: App is listening on port 5000
Mon Jun 12 2023 19:43:37  info: 💻 Database connection successfully
Mon Jun 12 2023 19:43:37  info: App is listening on port 5000
